<?xml version="1.0" encoding="UTF-8"?>
<!-- Generated by org.testng.reporters.JUnitReportReporter -->
<testsuite hostname="LAPTOP-EK8R1102" failures="0" tests="1" name="Runner.TestRunner" time="15.840" errors="0" timestamp="11 Nov 2021 02:07:20 GMT" skipped="0">
  <testcase classname="Runner.TestRunner" name="runScenario" time="15.840"/>
</testsuite> <!-- Runner.TestRunner -->
